[2021-07-05.16-59-23-723]Loading ./input/config.csv
[2021-07-05.16-59-23-724]ERROR parsing config.csv file : mod_folder does not exist
[2021-07-05.16-59-23-724]Loading ./input/settlements.bmp
[2021-07-05.16-59-23-963]Loading ./output/map/terrain.bmp
[2021-07-05.16-59-24-995]Loading ./input/provinces.bmp
[2021-07-05.16-59-25-022]Determining province territory...
[2021-07-05.16-59-25-252]Determining adjacencies...
[2021-07-05.16-59-25-282]Loading ./input/dejure_duchies.bmp
[2021-07-05.16-59-25-310]Loading ./input/dejure_kingdoms.bmp
[2021-07-05.16-59-25-324]Loading ./input/dejure_empires.bmp
[2021-07-05.16-59-25-351]Assigning de jure territory...
[2021-07-05.16-59-25-356]Validating de jure territory...
[2021-07-05.16-59-25-417]Loading ./input/climate.bmp
[2021-07-05.16-59-25-440]Loading ./input/input.bmp
[2021-07-05.16-59-25-450]Loading ./input/rivers.bmp
[2021-07-05.16-59-26-094]Calculating max holding slots...
[2021-07-05.16-59-26-161]Sorting provinces by wealth...
[2021-07-05.16-59-26-170]Assigning holding slots...
[2021-07-05.16-59-26-170]Generating holding slots map...
[2021-07-05.16-59-26-239]Writing ./input/numslots.bmp
[2021-07-05.16-59-26-288]Done in 2565ms
